<?xml version="1.0" encoding="UTF-8"?>
<!-- Generated by org.testng.reporters.JUnitReportReporter -->
<testsuite hostname="DESKTOP-HFM2VN5" failures="0" tests="8" name="acemePackage1.ExcelDDT" time="91.152" errors="0" timestamp="2022-01-22T16:49:12 EST" skipped="0">
  <testcase classname="acemePackage1.ExcelDDT" name="AcemeLogin" time="10.210"/>
  <system-out/>
  <testcase classname="acemePackage1.ExcelDDT" name="AcemeLogin" time="9.824"/>
  <system-out/>
  <testcase classname="acemePackage1.ExcelDDT" name="AcemeLogin" time="12.000"/>
  <system-out/>
  <testcase classname="acemePackage1.ExcelDDT" name="AcemeLogin" time="10.802"/>
  <system-out/>
  <testcase classname="acemePackage1.ExcelDDT" name="AcemeLogin" time="10.825"/>
  <system-out/>
  <testcase classname="acemePackage1.ExcelDDT" name="AcemeLogin" time="10.494"/>
  <system-out/>
  <testcase classname="acemePackage1.ExcelDDT" name="AcemeLogin" time="17.216"/>
  <system-out/>
  <testcase classname="acemePackage1.ExcelDDT" name="AcemeLogin" time="9.781"/>
  <system-out/>
</testsuite> <!-- acemePackage1.ExcelDDT -->
