<?xml version="1.0" encoding="UTF-8"?>
<!-- Generated by org.testng.reporters.JUnitReportReporter -->
<testsuite hostname="DESKTOP-HFM2VN5" failures="0" tests="4" name="NewPackageResources.ExcelDemoDDT" time="43.007" errors="0" timestamp="2021-12-11T12:23:04 EST" skipped="0">
  <testcase classname="NewPackageResources.ExcelDemoDDT" name="newMemberRegistration" time="11.613"/>
  <system-out/>
  <testcase classname="NewPackageResources.ExcelDemoDDT" name="newMemberRegistration" time="11.214"/>
  <system-out/>
  <testcase classname="NewPackageResources.ExcelDemoDDT" name="newMemberRegistration" time="9.811"/>
  <system-out/>
  <testcase classname="NewPackageResources.ExcelDemoDDT" name="newMemberRegistration" time="10.369"/>
  <system-out/>
</testsuite> <!-- NewPackageResources.ExcelDemoDDT -->
