<?xml version="1.0" encoding="UTF-8"?>
<!-- Generated by org.testng.reporters.JUnitReportReporter -->
<testsuite hostname="DESKTOP-HFM2VN5" failures="0" tests="7" name="acemePackage1.Saucedemo" time="34.278" errors="0" timestamp="2022-01-22T16:49:12 EST" skipped="0">
  <testcase classname="acemePackage1.Saucedemo" name="shoppingCartSauceDemo" time="4.781"/>
  <system-out/>
  <testcase classname="acemePackage1.Saucedemo" name="shoppingCartSauceDemo" time="5.495"/>
  <system-out/>
  <testcase classname="acemePackage1.Saucedemo" name="shoppingCartSauceDemo" time="4.551"/>
  <system-out/>
  <testcase classname="acemePackage1.Saucedemo" name="shoppingCartSauceDemo" time="4.471"/>
  <system-out/>
  <testcase classname="acemePackage1.Saucedemo" name="shoppingCartSauceDemo" time="4.890"/>
  <system-out/>
  <testcase classname="acemePackage1.Saucedemo" name="shoppingCartSauceDemo" time="5.008"/>
  <system-out/>
  <testcase classname="acemePackage1.Saucedemo" name="shoppingCartSauceDemo" time="5.082"/>
  <system-out/>
</testsuite> <!-- acemePackage1.Saucedemo -->
