<?xml version="1.0" encoding="UTF-8"?>
<!-- Generated by org.testng.reporters.JUnitReportReporter -->
<testsuite hostname="DESKTOP-HFM2VN5" failures="0" tests="1" name="NewPackageResources.ExcelDemo" time="0.643" errors="0" timestamp="2021-11-25T10:27:05 EST" skipped="0">
  <testcase classname="NewPackageResources.ExcelDemo" name="ReadingExcel" time="0.643"/>
  <system-out/>
</testsuite> <!-- NewPackageResources.ExcelDemo -->
