<?xml version="1.0" encoding="UTF-8"?>
<!-- Generated by org.testng.reporters.JUnitReportReporter -->
<testsuite hostname="DESKTOP-HFM2VN5" failures="0" tests="1" name="acemePackage1.VendorInvertory" time="12.889" errors="0" timestamp="2022-01-22T16:49:12 EST" skipped="0">
  <testcase classname="acemePackage1.VendorInvertory" name="vendorInventory" time="12.889"/>
  <system-out/>
</testsuite> <!-- acemePackage1.VendorInvertory -->
