<?xml version="1.0" encoding="UTF-8"?>
<!-- Generated by org.testng.reporters.JUnitReportReporter -->
<testsuite hostname="DESKTOP-G1GV642" failures="0" tests="1" name="acemePackage1.AcemeMainTest" time="19.906" errors="0" timestamp="2022-03-06T21:55:50 EST" skipped="0">
  <testcase classname="acemePackage1.AcemeMainTest" name="HCDnationalInsurancePlanning" time="19.906"/>
  <system-out/>
</testsuite> <!-- acemePackage1.AcemeMainTest -->
