<?xml version="1.0" encoding="UTF-8"?>
<!-- Generated by org.testng.reporters.JUnitReportReporter -->
<testsuite hostname="DESKTOP-HFM2VN5" failures="0" tests="8" name="acemePackage1.Shoppingcart" time="151.474" errors="0" timestamp="2022-01-22T16:49:12 EST" skipped="0">
  <testcase classname="acemePackage1.Shoppingcart" name="TRShoppingCart" time="27.769"/>
  <system-out/>
  <testcase classname="acemePackage1.Shoppingcart" name="TRShoppingCart" time="21.063"/>
  <system-out/>
  <testcase classname="acemePackage1.Shoppingcart" name="TRShoppingCart" time="16.532"/>
  <system-out/>
  <testcase classname="acemePackage1.Shoppingcart" name="TRShoppingCart" time="18.164"/>
  <system-out/>
  <testcase classname="acemePackage1.Shoppingcart" name="TRShoppingCart" time="17.527"/>
  <system-out/>
  <testcase classname="acemePackage1.Shoppingcart" name="TRShoppingCart" time="16.502"/>
  <system-out/>
  <testcase classname="acemePackage1.Shoppingcart" name="TRShoppingCart" time="16.633"/>
  <system-out/>
  <testcase classname="acemePackage1.Shoppingcart" name="TRShoppingCart" time="17.284"/>
  <system-out/>
</testsuite> <!-- acemePackage1.Shoppingcart -->
