<?xml version="1.0" encoding="UTF-8"?>
<!-- Generated by org.testng.reporters.JUnitReportReporter -->
<testsuite hostname="DESKTOP-HFM2VN5" failures="0" tests="1" name="acemePackage1.ChromeDebuggingMode" time="3.561" errors="0" timestamp="2022-01-27T23:21:29 EST" skipped="0">
  <testcase classname="acemePackage1.ChromeDebuggingMode" name="debuggingMode" time="3.561"/>
  <system-out/>
</testsuite> <!-- acemePackage1.ChromeDebuggingMode -->
