<?xml version="1.0" encoding="UTF-8"?>
<!-- Generated by org.testng.reporters.JUnitReportReporter -->
<testsuite hostname="DESKTOP-HFM2VN5" failures="0" tests="1" name="acemePackage1.ReadXLdata" time="0.615" errors="0" timestamp="21 Nov 2021 02:24:20 GMT" skipped="0">
  <testcase classname="acemePackage1.ReadXLdata" name="addition" time="0.615"/>
</testsuite> <!-- acemePackage1.ReadXLdata -->
