<?xml version="1.0" encoding="UTF-8"?>
<!-- Generated by org.testng.reporters.JUnitReportReporter -->
<testsuite hostname="DESKTOP-HFM2VN5" failures="0" tests="1" name="acemePackage1.ConstructorDemo2" time="0.013" errors="0" timestamp="2021-12-10T12:40:49 EST" skipped="0">
  <testcase classname="acemePackage1.ConstructorDemo2" name="test" time="0.013"/>
  <system-out/>
</testsuite> <!-- acemePackage1.ConstructorDemo2 -->
