<?xml version="1.0" encoding="UTF-8"?>
<!-- Generated by org.testng.reporters.JUnitReportReporter -->
<testsuite hostname="DESKTOP-HFM2VN5" failures="0" tests="1" name="acemePackage1.ChromePopUpBlocker" time="6.336" errors="0" timestamp="2021-11-29T22:19:41 EST" skipped="0">
  <testcase classname="acemePackage1.ChromePopUpBlocker" name="PopUpBlocker" time="6.336"/>
  <system-out/>
</testsuite> <!-- acemePackage1.ChromePopUpBlocker -->
