<?xml version="1.0" encoding="UTF-8"?>
<!-- Generated by org.testng.reporters.JUnitReportReporter -->
<testsuite hostname="DESKTOP-HFM2VN5" failures="0" tests="1" name="acemePackage1.AcemeMainTest" time="27.997" errors="0" timestamp="2022-03-04T19:57:42 EST" skipped="0">
  <testcase classname="acemePackage1.AcemeMainTest" name="HCDnationalInsurancePlanning" time="27.997"/>
  <system-out/>
</testsuite> <!-- acemePackage1.AcemeMainTest -->
