<?xml version="1.0" encoding="UTF-8"?>
<!-- Generated by org.testng.reporters.JUnitReportReporter -->
<testsuite hostname="DESKTOP-G1GV642" failures="0" tests="1" name="acemePackage1.Acknowlegement" time="0.006" errors="0" timestamp="2022-03-06T22:23:07 EST" skipped="0">
  <testcase classname="acemePackage1.Acknowlegement" name="myTest" time="0.006"/>
  <system-out/>
</testsuite> <!-- acemePackage1.Acknowlegement -->
