<?xml version="1.0" encoding="UTF-8"?>
<!-- Generated by org.testng.reporters.JUnitReportReporter -->
<testsuite hostname="DESKTOP-HFM2VN5" failures="0" tests="4" name="NewPackageResources.NewTest" time="40.990" errors="0" timestamp="2021-12-11T12:33:59 EST" skipped="0">
  <testcase classname="NewPackageResources.NewTest" name="newMemberRegistration" time="9.906"/>
  <system-out/>
  <testcase classname="NewPackageResources.NewTest" name="newMemberRegistration" time="10.172"/>
  <system-out/>
  <testcase classname="NewPackageResources.NewTest" name="newMemberRegistration" time="10.660"/>
  <system-out/>
  <testcase classname="NewPackageResources.NewTest" name="newMemberRegistration" time="10.252"/>
  <system-out/>
</testsuite> <!-- NewPackageResources.NewTest -->
