<?xml version="1.0" encoding="UTF-8"?>
<!-- Generated by org.testng.reporters.JUnitReportReporter -->
<testsuite hostname="DESKTOP-HFM2VN5" failures="0" tests="1" name="NewPackageResources.ExcelDemp" time="0.578" errors="0" timestamp="2021-11-24T16:24:56 EST" skipped="0">
  <testcase classname="NewPackageResources.ExcelDemp" name="ReadingExcel" time="0.578"/>
  <system-out/>
</testsuite> <!-- NewPackageResources.ExcelDemp -->
