<?xml version="1.0" encoding="UTF-8"?>
<!-- Generated by org.testng.reporters.JUnitReportReporter -->
<testsuite hostname="DESKTOP-HFM2VN5" failures="0" tests="6" name="acemePackage1.phptravels" time="253.844" errors="0" timestamp="2021-12-10T23:06:47 EST" skipped="0">
  <testcase classname="acemePackage1.phptravels" name="FlightBooking" time="41.265"/>
  <system-out/>
  <testcase classname="acemePackage1.phptravels" name="FlightBooking" time="43.423"/>
  <system-out/>
  <testcase classname="acemePackage1.phptravels" name="FlightBooking" time="43.108"/>
  <system-out/>
  <testcase classname="acemePackage1.phptravels" name="FlightBooking" time="41.185"/>
  <system-out/>
  <testcase classname="acemePackage1.phptravels" name="FlightBooking" time="42.577"/>
  <system-out/>
  <testcase classname="acemePackage1.phptravels" name="FlightBooking" time="42.286"/>
  <system-out/>
</testsuite> <!-- acemePackage1.phptravels -->
