<?xml version="1.0" encoding="UTF-8"?>
<!-- Generated by org.testng.reporters.JUnitReportReporter -->
<testsuite hostname="DESKTOP-HFM2VN5" failures="0" tests="1" name="acemePackage1.OpenMRS" time="8.622" errors="0" timestamp="2021-12-28T19:05:35 EST" skipped="0">
  <testcase classname="acemePackage1.OpenMRS" name="Registration" time="8.622"/>
  <system-out/>
</testsuite> <!-- acemePackage1.OpenMRS -->
