<?xml version="1.0" encoding="UTF-8"?>
<!-- Generated by org.testng.reporters.JUnitReportReporter -->
<testsuite hostname="DESKTOP-HFM2VN5" failures="0" tests="1" name="acemePackage1.AddAccount" time="9.063" errors="0" timestamp="2022-01-22T16:49:12 EST" skipped="0">
  <testcase classname="acemePackage1.AddAccount" name="addAccount" time="9.063"/>
  <system-out/>
</testsuite> <!-- acemePackage1.AddAccount -->
