<?xml version="1.0" encoding="UTF-8"?>
<!-- Generated by org.testng.reporters.JUnitReportReporter -->
<testsuite hostname="DESKTOP-HFM2VN5" failures="0" tests="1" name="NewPackage.ExcelConfig" time="0.688" errors="0" timestamp="2021-11-23T22:34:35 EST" skipped="0">
  <testcase classname="NewPackage.ExcelConfig" name="ExelConfiguration" time="0.688"/>
  <system-out/>
</testsuite> <!-- NewPackage.ExcelConfig -->
