<?xml version="1.0" encoding="UTF-8"?>
<!-- Generated by org.testng.reporters.JUnitReportReporter -->
<testsuite hostname="DESKTOP-HFM2VN5" failures="0" tests="4" name="acemePackage1.ExcelDemoDDT" time="45.140" errors="0" timestamp="2022-01-24T22:19:48 EST" skipped="0">
  <testcase classname="acemePackage1.ExcelDemoDDT" name="newMemberRegistration" time="10.593"/>
  <system-out/>
  <testcase classname="acemePackage1.ExcelDemoDDT" name="newMemberRegistration" time="13.630"/>
  <system-out/>
  <testcase classname="acemePackage1.ExcelDemoDDT" name="newMemberRegistration" time="10.832"/>
  <system-out/>
  <testcase classname="acemePackage1.ExcelDemoDDT" name="newMemberRegistration" time="10.085"/>
  <system-out/>
</testsuite> <!-- acemePackage1.ExcelDemoDDT -->
