<?xml version="1.0" encoding="UTF-8"?>
<!-- Generated by org.testng.reporters.JUnitReportReporter -->
<testsuite hostname="DESKTOP-HFM2VN5" failures="0" tests="4" name="acemePackage1.ExcelDemoDDT" time="42.319" errors="0" timestamp="22 Dec 2021 08:31:41 GMT" skipped="0">
  <testcase classname="acemePackage1.ExcelDemoDDT" name="newMemberRegistration" time="11.074"/>
  <testcase classname="acemePackage1.ExcelDemoDDT" name="newMemberRegistration" time="10.728"/>
  <testcase classname="acemePackage1.ExcelDemoDDT" name="newMemberRegistration" time="10.265"/>
  <testcase classname="acemePackage1.ExcelDemoDDT" name="newMemberRegistration" time="10.252"/>
</testsuite> <!-- acemePackage1.ExcelDemoDDT -->
