<?xml version="1.0" encoding="UTF-8"?>
<!-- Generated by org.testng.reporters.JUnitReportReporter -->
<testsuite hostname="DESKTOP-HFM2VN5" failures="0" tests="1" name="acemePackage1.VendorInvertory" time="11.307" errors="0" timestamp="22 Dec 2021 08:31:41 GMT" skipped="0">
  <testcase classname="acemePackage1.VendorInvertory" name="vendorInventory" time="11.307"/>
</testsuite> <!-- acemePackage1.VendorInvertory -->
