<?xml version="1.0" encoding="UTF-8"?>
<!-- Generated by org.testng.reporters.JUnitReportReporter -->
<testsuite hostname="DESKTOP-HFM2VN5" failures="0" tests="8" name="acemePackage1.ExcelDDT" time="85.586" errors="0" timestamp="22 Dec 2021 08:31:41 GMT" skipped="0">
  <testcase classname="acemePackage1.ExcelDDT" name="AcemeLogin" time="9.892"/>
  <testcase classname="acemePackage1.ExcelDDT" name="AcemeLogin" time="12.030"/>
  <testcase classname="acemePackage1.ExcelDDT" name="AcemeLogin" time="10.810"/>
  <testcase classname="acemePackage1.ExcelDDT" name="AcemeLogin" time="10.680"/>
  <testcase classname="acemePackage1.ExcelDDT" name="AcemeLogin" time="10.586"/>
  <testcase classname="acemePackage1.ExcelDDT" name="AcemeLogin" time="10.256"/>
  <testcase classname="acemePackage1.ExcelDDT" name="AcemeLogin" time="10.382"/>
  <testcase classname="acemePackage1.ExcelDDT" name="AcemeLogin" time="10.950"/>
</testsuite> <!-- acemePackage1.ExcelDDT -->
