<?xml version="1.0" encoding="UTF-8"?>
<!-- Generated by org.testng.reporters.JUnitReportReporter -->
<testsuite hostname="DESKTOP-HFM2VN5" failures="0" tests="8" name="acemePackage1.Shoppingcart" time="115.203" errors="0" timestamp="22 Dec 2021 08:31:41 GMT" skipped="0">
  <testcase classname="acemePackage1.Shoppingcart" name="TRShoppingCart" time="14.798"/>
  <testcase classname="acemePackage1.Shoppingcart" name="TRShoppingCart" time="14.596"/>
  <testcase classname="acemePackage1.Shoppingcart" name="TRShoppingCart" time="13.807"/>
  <testcase classname="acemePackage1.Shoppingcart" name="TRShoppingCart" time="14.075"/>
  <testcase classname="acemePackage1.Shoppingcart" name="TRShoppingCart" time="15.311"/>
  <testcase classname="acemePackage1.Shoppingcart" name="TRShoppingCart" time="14.652"/>
  <testcase classname="acemePackage1.Shoppingcart" name="TRShoppingCart" time="13.472"/>
  <testcase classname="acemePackage1.Shoppingcart" name="TRShoppingCart" time="14.492"/>
</testsuite> <!-- acemePackage1.Shoppingcart -->
