<?xml version="1.0" encoding="UTF-8"?>
<!-- Generated by org.testng.reporters.JUnitReportReporter -->
<testsuite hostname="DESKTOP-HFM2VN5" failures="0" tests="2" name="acemePackage1.AcemeMainTest" time="18.271" errors="0" timestamp="22 Dec 2021 08:31:41 GMT" skipped="1">
  <testcase classname="acemePackage1.AcemeMainTest" name="HCDnationalInsurancePlanning" time="18.271"/>
  <testcase classname="acemePackage1.AcemeMainTest" name="studentScoreCard">
    <skipped/>
  </testcase> <!-- studentScoreCard -->
</testsuite> <!-- acemePackage1.AcemeMainTest -->
