<?xml version="1.0" encoding="UTF-8"?>
<!-- Generated by org.testng.reporters.JUnitReportReporter -->
<testsuite hostname="DESKTOP-HFM2VN5" failures="0" tests="3" name="acemePackage1.LocalArrayDemo" time="30.694" errors="0" timestamp="22 Dec 2021 08:31:41 GMT" skipped="0">
  <testcase classname="acemePackage1.LocalArrayDemo" name="AcemeLogin" time="9.181"/>
  <testcase classname="acemePackage1.LocalArrayDemo" name="AcemeLogin" time="9.968"/>
  <testcase classname="acemePackage1.LocalArrayDemo" name="AcemeLogin" time="11.545"/>
</testsuite> <!-- acemePackage1.LocalArrayDemo -->
