<?xml version="1.0" encoding="UTF-8"?>
<!-- Generated by org.testng.reporters.JUnitReportReporter -->
<testsuite hostname="DESKTOP-HFM2VN5" failures="0" tests="7" name="acemePackage1.Saucedemo" time="30.443" errors="0" timestamp="22 Dec 2021 08:31:41 GMT" skipped="0">
  <testcase classname="acemePackage1.Saucedemo" name="shoppingCartSauceDemo" time="4.548"/>
  <testcase classname="acemePackage1.Saucedemo" name="shoppingCartSauceDemo" time="4.427"/>
  <testcase classname="acemePackage1.Saucedemo" name="shoppingCartSauceDemo" time="4.266"/>
  <testcase classname="acemePackage1.Saucedemo" name="shoppingCartSauceDemo" time="4.090"/>
  <testcase classname="acemePackage1.Saucedemo" name="shoppingCartSauceDemo" time="4.188"/>
  <testcase classname="acemePackage1.Saucedemo" name="shoppingCartSauceDemo" time="4.515"/>
  <testcase classname="acemePackage1.Saucedemo" name="shoppingCartSauceDemo" time="4.409"/>
</testsuite> <!-- acemePackage1.Saucedemo -->
